<?xml version="1.0" encoding="UTF-8"?>
<!-- Generated by org.testng.reporters.JUnitXMLReporter -->
<testsuite ignored="0" hostname="Kajal" failures="0" tests="6" name="Default test" time="0.23" errors="0" timestamp="2023-11-28T12:21:42 IST">
  <testcase classname="testNGPackage.Sumo" name="method1" time="0.026"/>
  <testcase classname="testNGPackage.Sumo" name="method2" time="0.006"/>
  <testcase classname="testNGPackage.Demo" name="method1" time="0.009"/>
  <testcase classname="testNGPackage.Demo" name="method2" time="0.004"/>
  <testcase classname="testNGPackage.Remo" name="method1" time="0.006"/>
  <testcase classname="testNGPackage.Remo" name="method2" time="0.004"/>
</testsuite> <!-- Default test -->
