<?xml version="1.0" encoding="UTF-8"?>
<!-- Generated by org.testng.reporters.JUnitXMLReporter -->
<testsuite ignored="0" hostname="Kajal" failures="0" tests="9" name="Test" time="41.361" errors="0" timestamp="2023-11-28T12:52:59 IST">
  <testcase classname="testNGPackage.Demo" name="method1" time="0.027"/>
  <testcase classname="testNGPackage.Demo" name="method2" time="0.008"/>
  <testcase classname="testNGPackage.JavaTest" name="java_method" time="15.737"/>
  <testcase classname="testNGPackage.Remo" name="method1" time="0.005"/>
  <testcase classname="testNGPackage.Remo" name="method2" time="0.005"/>
  <testcase classname="testNGPackage.SQLTest" name="SQL_method" time="13.313"/>
  <testcase classname="testNGPackage.SeleniumTest" name="selenium_method" time="11.998"/>
  <testcase classname="testNGPackage.Sumo" name="method1" time="0.017"/>
  <testcase classname="testNGPackage.Sumo" name="method2" time="0.002"/>
</testsuite> <!-- Test -->
